TN:
SF:src\components\service.mjs
FN:10,Service
FNF:1
FNH:1
FNDA:3,Service
DA:1,2
DA:2,2
DA:3,2
DA:4,2
DA:5,2
DA:6,2
DA:7,2
DA:8,2
DA:9,2
DA:10,2
DA:11,3
DA:12,3
DA:13,3
DA:14,3
DA:15,3
DA:16,3
DA:17,2
DA:18,2
DA:19,2
LF:19
LH:19
BRDA:1,0,0,2
BRDA:10,1,0,3
BRF:2
BRH:2
end_of_record
TN:
SF:src\components\ticket.mjs
FN:12,Ticket
FNF:1
FNH:1
FNDA:2,Ticket
DA:1,1
DA:2,1
DA:3,1
DA:4,1
DA:5,1
DA:6,1
DA:7,1
DA:8,1
DA:9,1
DA:10,1
DA:11,1
DA:12,1
DA:13,2
DA:14,2
DA:15,2
DA:16,2
DA:17,2
DA:18,2
DA:19,2
DA:20,2
DA:21,1
DA:22,1
DA:23,1
LF:23
LH:23
BRDA:1,0,0,1
BRDA:12,1,0,2
BRF:2
BRH:2
end_of_record
TN:
SF:src\dao\db.mjs
FNF:0
FNH:0
DA:1,2
DA:2,2
DA:3,2
DA:4,2
DA:5,2
DA:6,2
DA:7,0
DA:8,0
DA:9,2
DA:10,2
DA:11,2
LF:11
LH:9
BRDA:1,0,0,2
BRF:1
BRH:1
end_of_record
TN:
SF:src\dao\serviceDAO.mjs
FN:8,getServices
FN:19,mapRowToService
FNF:2
FNH:2
FNDA:1,getServices
FNDA:1,mapRowToService
DA:1,1
DA:2,1
DA:3,1
DA:4,1
DA:5,1
DA:6,1
DA:7,1
DA:8,1
DA:9,1
DA:10,1
DA:11,1
DA:12,1
DA:13,1
DA:14,1
DA:15,1
DA:16,1
DA:17,1
DA:18,1
DA:19,1
DA:20,1
DA:21,1
DA:22,1
DA:23,1
DA:24,1
DA:25,1
DA:26,1
DA:27,1
DA:28,1
DA:29,1
DA:30,1
LF:30
LH:30
BRDA:1,0,0,1
BRDA:8,1,0,1
BRDA:9,2,0,1
BRDA:11,3,0,1
BRDA:12,4,0,0
BRDA:13,5,0,1
BRDA:19,6,0,1
BRDA:20,7,0,0
BRF:8
BRH:6
end_of_record
TN:
SF:src\dao\ticketDAO.mjs
FN:9,getNewTicketCode
FN:30,getTicket
FN:49,closeTicket
FN:67,mapRowToTicket
FNF:4
FNH:2
FNDA:1,getNewTicketCode
FNDA:1,getTicket
FNDA:0,closeTicket
FNDA:0,mapRowToTicket
DA:1,1
DA:2,1
DA:3,1
DA:4,1
DA:5,1
DA:6,1
DA:7,1
DA:8,1
DA:9,1
DA:10,1
DA:11,1
DA:12,1
DA:13,1
DA:14,1
DA:15,1
DA:16,1
DA:17,1
DA:18,1
DA:19,1
DA:20,1
DA:21,1
DA:22,1
DA:23,1
DA:24,1
DA:25,1
DA:26,1
DA:27,1
DA:28,1
DA:29,1
DA:30,1
DA:31,1
DA:32,1
DA:33,1
DA:34,1
DA:35,1
DA:36,1
DA:37,1
DA:38,1
DA:39,1
DA:40,1
DA:41,1
DA:42,1
DA:43,1
DA:44,1
DA:45,1
DA:46,1
DA:47,1
DA:48,1
DA:49,1
DA:50,0
DA:51,0
DA:52,0
DA:53,0
DA:54,0
DA:55,0
DA:56,0
DA:57,0
DA:58,0
DA:59,0
DA:60,0
DA:61,0
DA:62,0
DA:63,0
DA:64,0
DA:65,1
DA:66,1
DA:67,0
DA:68,0
DA:69,0
DA:70,0
DA:71,0
DA:72,0
DA:73,0
DA:74,0
DA:75,0
DA:76,0
DA:77,0
DA:78,0
DA:79,1
DA:80,1
LF:80
LH:53
BRDA:1,0,0,1
BRDA:9,1,0,1
BRDA:10,2,0,1
BRDA:20,3,0,1
BRDA:21,4,0,0
BRDA:30,5,0,1
BRDA:31,6,0,1
BRDA:37,7,0,1
BRDA:38,8,0,0
BRF:9
BRH:7
end_of_record
